This file contains any messages produced by compilers while
running configure, to aid debugging if configure makes a mistake.

It was created by MP4v2 configure -r0, which was
generated by GNU Autoconf 2.69.  Invocation command line was

  $ ./configure --no-create --no-recursion

## --------- ##
## Platform. ##
## --------- ##

hostname = tiny-mac.local
uname -m = x86_64
uname -r = 13.3.0
uname -s = Darwin
uname -v = Darwin Kernel Version 13.3.0: Tue Jun  3 21:27:35 PDT 2014; root:xnu-2422.110.17~1/RELEASE_X86_64

/usr/bin/uname -p = i386
/bin/uname -X     = unknown

/bin/arch              = unknown
/usr/bin/arch -k       = unknown
/usr/convex/getsysinfo = unknown
/usr/bin/hostinfo      = Mach kernel version:
	 Darwin Kernel Version 13.3.0: Tue Jun  3 21:27:35 PDT 2014; root:xnu-2422.110.17~1/RELEASE_X86_64
Kernel configured for up to 4 processors.
2 processors are physically available.
4 processors are logically available.
Processor type: i486 (Intel 80486)
Processors active: 0 1 2 3
Primary memory available: 16.00 gigabytes
Default processor set: 220 tasks, 1009 threads, 4 processors
Load average: 2.02, Mach factor: 2.00
/bin/machine           = unknown
/usr/bin/oslevel       = unknown
/bin/universe          = unknown

PATH: /usr/local/bin
PATH: /usr/bin
PATH: /bin
PATH: /usr/sbin
PATH: /sbin
PATH: /usr/local/bin


## ----------- ##
## Core tests. ##
## ----------- ##

configure:2440:
  -->
  --> Configuring MP4v2 -r0
  -->
configure:2491: checking for a BSD-compatible install
configure:2559: result: /usr/bin/install -c
configure:2570: checking whether build environment is sane
configure:2620: result: yes
configure:2761: checking for a thread-safe mkdir -p
configure:2800: result: autoaux/install-sh -c -d
configure:2813: checking for gawk
configure:2843: result: no
configure:2813: checking for mawk
configure:2843: result: no
configure:2813: checking for nawk
configure:2843: result: no
configure:2813: checking for awk
configure:2829: found /usr/bin/awk
configure:2840: result: awk
configure:2851: checking whether make sets $(MAKE)
configure:2873: result: yes
configure:2965: checking build system type
configure:2979: result: i386-apple-darwin13.3.0
configure:2999: checking host system type
configure:3012: result: i386-apple-darwin13.3.0
configure:3154: checking for g++
configure:3170: found /usr/bin/g++
configure:3181: result: g++
configure:3208: checking for C++ compiler version
configure:3217: g++ --version >&5
Apple LLVM version 5.1 (clang-503.0.40) (based on LLVM 3.4svn)
Target: x86_64-apple-darwin13.3.0
Thread model: posix
Configured with: --prefix=/Applications/Xcode.app/Contents/Developer/usr --with-gxx-include-dir=/usr/include/c++/4.2.1
configure:3228: $? = 0
configure:3217: g++ -v >&5
Configured with: --prefix=/Applications/Xcode.app/Contents/Developer/usr --with-gxx-include-dir=/usr/include/c++/4.2.1
Apple LLVM version 5.1 (clang-503.0.40) (based on LLVM 3.4svn)
Target: x86_64-apple-darwin13.3.0
Thread model: posix
configure:3228: $? = 0
configure:3217: g++ -V >&5
clang: error: argument to '-V' is missing (expected 1 value)
clang: error: no input files
configure:3228: $? = 1
configure:3217: g++ -qversion >&5
clang: error: unknown argument: '-qversion' [-Wunused-command-line-argument-hard-error-in-future]
clang: note: this will be a hard error (cannot be downgraded to a warning) in the future
clang: error: no input files
configure:3228: $? = 1
configure:3248: checking whether the C++ compiler works
configure:3270: g++    conftest.cpp  >&5
configure:3274: $? = 0
configure:3322: result: yes
configure:3325: checking for C++ compiler default output file name
configure:3327: result: a.out
configure:3333: checking for suffix of executables
configure:3340: g++ -o conftest    conftest.cpp  >&5
configure:3344: $? = 0
configure:3366: result: 
configure:3388: checking whether we are cross compiling
configure:3396: g++ -o conftest    conftest.cpp  >&5
configure:3400: $? = 0
configure:3407: ./conftest
configure:3411: $? = 0
configure:3426: result: no
configure:3431: checking for suffix of object files
configure:3453: g++ -c   conftest.cpp >&5
configure:3457: $? = 0
configure:3478: result: o
configure:3482: checking whether we are using the GNU C++ compiler
configure:3501: g++ -c   conftest.cpp >&5
configure:3501: $? = 0
configure:3510: result: yes
configure:3519: checking whether g++ accepts -g
configure:3539: g++ -c -g  conftest.cpp >&5
configure:3539: $? = 0
configure:3580: result: yes
configure:3614: checking for style of include used by make
configure:3642: result: GNU
configure:3667: checking dependency style of g++
configure:3777: result: none
configure:3865: checking for gcc
configure:3881: found /usr/bin/gcc
configure:3892: result: gcc
configure:4121: checking for C compiler version
configure:4130: gcc --version >&5
Apple LLVM version 5.1 (clang-503.0.40) (based on LLVM 3.4svn)
Target: x86_64-apple-darwin13.3.0
Thread model: posix
Configured with: --prefix=/Applications/Xcode.app/Contents/Developer/usr --with-gxx-include-dir=/usr/include/c++/4.2.1
configure:4141: $? = 0
configure:4130: gcc -v >&5
Configured with: --prefix=/Applications/Xcode.app/Contents/Developer/usr --with-gxx-include-dir=/usr/include/c++/4.2.1
Apple LLVM version 5.1 (clang-503.0.40) (based on LLVM 3.4svn)
Target: x86_64-apple-darwin13.3.0
Thread model: posix
configure:4141: $? = 0
configure:4130: gcc -V >&5
clang: error: argument to '-V' is missing (expected 1 value)
clang: error: no input files
configure:4141: $? = 1
configure:4130: gcc -qversion >&5
clang: error: unknown argument: '-qversion' [-Wunused-command-line-argument-hard-error-in-future]
clang: note: this will be a hard error (cannot be downgraded to a warning) in the future
clang: error: no input files
configure:4141: $? = 1
configure:4145: checking whether we are using the GNU C compiler
configure:4164: gcc -c   conftest.c >&5
configure:4164: $? = 0
configure:4173: result: yes
configure:4182: checking whether gcc accepts -g
configure:4202: gcc -c -g  conftest.c >&5
configure:4202: $? = 0
configure:4243: result: yes
configure:4260: checking for gcc option to accept ISO C89
configure:4323: gcc  -c -g -O2  conftest.c >&5
configure:4323: $? = 0
configure:4336: result: none needed
configure:4358: checking dependency style of gcc
configure:4468: result: none
configure:4483: checking for a sed that does not truncate output
configure:4547: result: /usr/bin/sed
configure:4565: checking for grep that handles long lines and -e
configure:4623: result: /usr/bin/grep
configure:4628: checking for egrep
configure:4690: result: /usr/bin/grep -E
configure:4695: checking for fgrep
configure:4757: result: /usr/bin/grep -F
configure:4792: checking for ld used by gcc
configure:4859: result: /Applications/Xcode.app/Contents/Developer/Toolchains/XcodeDefault.xctoolchain/usr/bin/ld
configure:4866: checking if the linker (/Applications/Xcode.app/Contents/Developer/Toolchains/XcodeDefault.xctoolchain/usr/bin/ld) is GNU ld
configure:4881: result: no
configure:4893: checking for BSD- or MS-compatible name lister (nm)
configure:4942: result: /usr/bin/nm
configure:5060: checking the name lister (/usr/bin/nm) interface
configure:5067: gcc -c -g -O2  conftest.c >&5
configure:5070: /usr/bin/nm "conftest.o"
configure:5073: output
0000000000000244 S _some_variable
configure:5080: result: BSD nm
configure:5083: checking whether ln -s works
configure:5087: result: yes
configure:5095: checking the maximum length of command line arguments
configure:5215: result: 196608
configure:5232: checking whether the shell understands some XSI constructs
configure:5242: result: yes
configure:5246: checking whether the shell understands "+="
configure:5252: result: yes
configure:5287: checking for /Applications/Xcode.app/Contents/Developer/Toolchains/XcodeDefault.xctoolchain/usr/bin/ld option to reload object files
configure:5294: result: -r
configure:5363: checking for objdump
configure:5393: result: no
configure:5422: checking how to recognize dependent libraries
configure:5618: result: pass_all
configure:5678: checking for ar
configure:5694: found /usr/bin/ar
configure:5705: result: ar
configure:5783: checking for strip
configure:5799: found /usr/bin/strip
configure:5810: result: strip
configure:5882: checking for ranlib
configure:5898: found /usr/bin/ranlib
configure:5909: result: ranlib
configure:5999: checking command to parse /usr/bin/nm output from gcc object
configure:6117: gcc -c -g -O2  conftest.c >&5
configure:6120: $? = 0
configure:6124: /usr/bin/nm conftest.o \| sed -n -e 's/^.*[	 ]\([BCDEGRST][BCDEGRST]*\)[	 ][	 ]*\([_A-Za-z][_A-Za-z0-9]*\)$/\1 \2 \2/p' \> conftest.nm
configure:6127: $? = 0
cannot find nm_test_var in conftest.nm
configure:6117: gcc -c -g -O2  conftest.c >&5
configure:6120: $? = 0
configure:6124: /usr/bin/nm conftest.o \| sed -n -e 's/^.*[	 ]\([BCDEGRST][BCDEGRST]*\)[	 ][	 ]*_\([_A-Za-z][_A-Za-z0-9]*\)$/\1 _\2 \2/p' \> conftest.nm
configure:6127: $? = 0
configure:6181: gcc -o conftest -g -O2   conftest.c conftstm.o >&5
configure:6184: $? = 0
configure:6222: result: ok
configure:6487: checking for dsymutil
configure:6503: found /usr/bin/dsymutil
configure:6514: result: dsymutil
configure:6579: checking for nmedit
configure:6595: found /usr/bin/nmedit
configure:6606: result: nmedit
configure:6671: checking for lipo
configure:6687: found /usr/bin/lipo
configure:6698: result: lipo
configure:6763: checking for otool
configure:6779: found /usr/bin/otool
configure:6790: result: otool
configure:6855: checking for otool64
configure:6885: result: no
configure:6930: checking for -single_module linker flag
gcc -g -O2  -o libconftest.dylib -dynamiclib -Wl,-single_module conftest.c
configure:6957: result: yes
configure:6959: checking for -exported_symbols_list linker flag
configure:6979: gcc -o conftest -g -O2   -Wl,-exported_symbols_list,conftest.sym conftest.c  >&5
configure:6979: $? = 0
configure:6989: result: yes
configure:7031: checking how to run the C preprocessor
configure:7062: gcc -E  conftest.c
configure:7062: $? = 0
configure:7076: gcc -E  conftest.c
conftest.c:11:10: fatal error: 'ac_nonexistent.h' file not found
#include <ac_nonexistent.h>
         ^
1 error generated.
configure:7076: $? = 1
configure: failed program was:
| /* confdefs.h */
| #define PACKAGE_NAME "MP4v2"
| #define PACKAGE_TARNAME "mp4v2"
| #define PACKAGE_VERSION "-r0"
| #define PACKAGE_STRING "MP4v2 -r0"
| #define PACKAGE_BUGREPORT "kidjan@gmail.com"
| #define PACKAGE_URL ""
| #define PACKAGE "mp4v2"
| #define VERSION "-r0"
| /* end confdefs.h.  */
| #include <ac_nonexistent.h>
configure:7101: result: gcc -E
configure:7121: gcc -E  conftest.c
configure:7121: $? = 0
configure:7135: gcc -E  conftest.c
conftest.c:11:10: fatal error: 'ac_nonexistent.h' file not found
#include <ac_nonexistent.h>
         ^
1 error generated.
configure:7135: $? = 1
configure: failed program was:
| /* confdefs.h */
| #define PACKAGE_NAME "MP4v2"
| #define PACKAGE_TARNAME "mp4v2"
| #define PACKAGE_VERSION "-r0"
| #define PACKAGE_STRING "MP4v2 -r0"
| #define PACKAGE_BUGREPORT "kidjan@gmail.com"
| #define PACKAGE_URL ""
| #define PACKAGE "mp4v2"
| #define VERSION "-r0"
| /* end confdefs.h.  */
| #include <ac_nonexistent.h>
configure:7164: checking for ANSI C header files
configure:7184: gcc -c -g -O2  conftest.c >&5
configure:7184: $? = 0
configure:7257: gcc -o conftest -g -O2   conftest.c  >&5
configure:7257: $? = 0
configure:7257: ./conftest
configure:7257: $? = 0
configure:7268: result: yes
configure:7281: checking for sys/types.h
configure:7281: gcc -c -g -O2  conftest.c >&5
configure:7281: $? = 0
configure:7281: result: yes
configure:7281: checking for sys/stat.h
configure:7281: gcc -c -g -O2  conftest.c >&5
configure:7281: $? = 0
configure:7281: result: yes
configure:7281: checking for stdlib.h
configure:7281: gcc -c -g -O2  conftest.c >&5
configure:7281: $? = 0
configure:7281: result: yes
configure:7281: checking for string.h
configure:7281: gcc -c -g -O2  conftest.c >&5
configure:7281: $? = 0
configure:7281: result: yes
configure:7281: checking for memory.h
configure:7281: gcc -c -g -O2  conftest.c >&5
configure:7281: $? = 0
configure:7281: result: yes
configure:7281: checking for strings.h
configure:7281: gcc -c -g -O2  conftest.c >&5
configure:7281: $? = 0
configure:7281: result: yes
configure:7281: checking for inttypes.h
configure:7281: gcc -c -g -O2  conftest.c >&5
configure:7281: $? = 0
configure:7281: result: yes
configure:7281: checking for stdint.h
configure:7281: gcc -c -g -O2  conftest.c >&5
configure:7281: $? = 0
configure:7281: result: yes
configure:7281: checking for unistd.h
configure:7281: gcc -c -g -O2  conftest.c >&5
configure:7281: $? = 0
configure:7281: result: yes
configure:7295: checking for dlfcn.h
configure:7295: gcc -c -g -O2  conftest.c >&5
configure:7295: $? = 0
configure:7295: result: yes
configure:7420: checking for C++ compiler version
configure:7429: g++ --version >&5
Apple LLVM version 5.1 (clang-503.0.40) (based on LLVM 3.4svn)
Target: x86_64-apple-darwin13.3.0
Thread model: posix
Configured with: --prefix=/Applications/Xcode.app/Contents/Developer/usr --with-gxx-include-dir=/usr/include/c++/4.2.1
configure:7440: $? = 0
configure:7429: g++ -v >&5
Configured with: --prefix=/Applications/Xcode.app/Contents/Developer/usr --with-gxx-include-dir=/usr/include/c++/4.2.1
Apple LLVM version 5.1 (clang-503.0.40) (based on LLVM 3.4svn)
Target: x86_64-apple-darwin13.3.0
Thread model: posix
configure:7440: $? = 0
configure:7429: g++ -V >&5
clang: error: argument to '-V' is missing (expected 1 value)
clang: error: no input files
configure:7440: $? = 1
configure:7429: g++ -qversion >&5
clang: error: unknown argument: '-qversion' [-Wunused-command-line-argument-hard-error-in-future]
clang: note: this will be a hard error (cannot be downgraded to a warning) in the future
clang: error: no input files
configure:7440: $? = 1
configure:7444: checking whether we are using the GNU C++ compiler
configure:7472: result: yes
configure:7481: checking whether g++ accepts -g
configure:7542: result: yes
configure:7567: checking dependency style of g++
configure:7677: result: none
configure:7700: checking how to run the C++ preprocessor
configure:7727: g++ -E  conftest.cpp
configure:7727: $? = 0
configure:7741: g++ -E  conftest.cpp
conftest.cpp:22:10: fatal error: 'ac_nonexistent.h' file not found
#include <ac_nonexistent.h>
         ^
1 error generated.
configure:7741: $? = 1
configure: failed program was:
| /* confdefs.h */
| #define PACKAGE_NAME "MP4v2"
| #define PACKAGE_TARNAME "mp4v2"
| #define PACKAGE_VERSION "-r0"
| #define PACKAGE_STRING "MP4v2 -r0"
| #define PACKAGE_BUGREPORT "kidjan@gmail.com"
| #define PACKAGE_URL ""
| #define PACKAGE "mp4v2"
| #define VERSION "-r0"
| #define STDC_HEADERS 1
| #define HAVE_SYS_TYPES_H 1
| #define HAVE_SYS_STAT_H 1
| #define HAVE_STDLIB_H 1
| #define HAVE_STRING_H 1
| #define HAVE_MEMORY_H 1
| #define HAVE_STRINGS_H 1
| #define HAVE_INTTYPES_H 1
| #define HAVE_STDINT_H 1
| #define HAVE_UNISTD_H 1
| #define HAVE_DLFCN_H 1
| /* end confdefs.h.  */
| #include <ac_nonexistent.h>
configure:7766: result: g++ -E
configure:7786: g++ -E  conftest.cpp
configure:7786: $? = 0
configure:7800: g++ -E  conftest.cpp
conftest.cpp:22:10: fatal error: 'ac_nonexistent.h' file not found
#include <ac_nonexistent.h>
         ^
1 error generated.
configure:7800: $? = 1
configure: failed program was:
| /* confdefs.h */
| #define PACKAGE_NAME "MP4v2"
| #define PACKAGE_TARNAME "mp4v2"
| #define PACKAGE_VERSION "-r0"
| #define PACKAGE_STRING "MP4v2 -r0"
| #define PACKAGE_BUGREPORT "kidjan@gmail.com"
| #define PACKAGE_URL ""
| #define PACKAGE "mp4v2"
| #define VERSION "-r0"
| #define STDC_HEADERS 1
| #define HAVE_SYS_TYPES_H 1
| #define HAVE_SYS_STAT_H 1
| #define HAVE_STDLIB_H 1
| #define HAVE_STRING_H 1
| #define HAVE_MEMORY_H 1
| #define HAVE_STRINGS_H 1
| #define HAVE_INTTYPES_H 1
| #define HAVE_STDINT_H 1
| #define HAVE_UNISTD_H 1
| #define HAVE_DLFCN_H 1
| /* end confdefs.h.  */
| #include <ac_nonexistent.h>
configure:8006: checking for objdir
configure:8021: result: .libs
configure:8313: checking if gcc supports -fno-rtti -fno-exceptions
configure:8331: gcc -c -g -O2  -fno-rtti -fno-exceptions conftest.c >&5
configure:8335: $? = 0
configure:8348: result: yes
configure:8368: checking for gcc option to produce PIC
configure:8640: result: -fno-common -DPIC
configure:8652: checking if gcc PIC flag -fno-common -DPIC works
configure:8670: gcc -c -g -O2  -fno-common -DPIC -DPIC conftest.c >&5
configure:8674: $? = 0
configure:8687: result: yes
configure:8711: checking if gcc static flag -static works
configure:8739: result: no
configure:8754: checking if gcc supports -c -o file.o
configure:8775: gcc -c -g -O2  -o out/conftest2.o conftest.c >&5
configure:8779: $? = 0
configure:8801: result: yes
configure:8809: checking if gcc supports -c -o file.o
configure:8856: result: yes
configure:8889: checking whether the gcc linker (/Applications/Xcode.app/Contents/Developer/Toolchains/XcodeDefault.xctoolchain/usr/bin/ld) supports shared libraries
configure:9880: result: yes
configure:10119: checking dynamic linker characteristics
configure:10782: result: darwin13.3.0 dyld
configure:10884: checking how to hardcode library paths into programs
configure:10909: result: immediate
configure:11429: checking whether stripping libraries is possible
configure:11443: result: yes
configure:11469: checking if libtool supports shared libraries
configure:11471: result: yes
configure:11474: checking whether to build shared libraries
configure:11495: result: yes
configure:11498: checking whether to build static libraries
configure:11502: result: yes
configure:11652: checking for ld used by g++
configure:11719: result: /Applications/Xcode.app/Contents/Developer/Toolchains/XcodeDefault.xctoolchain/usr/bin/ld
configure:11726: checking if the linker (/Applications/Xcode.app/Contents/Developer/Toolchains/XcodeDefault.xctoolchain/usr/bin/ld) is GNU ld
configure:11741: result: no
configure:11796: checking whether the g++ linker (/Applications/Xcode.app/Contents/Developer/Toolchains/XcodeDefault.xctoolchain/usr/bin/ld) supports shared libraries
configure:12709: result: yes
configure:12737: g++ -c -g -O2  conftest.cpp >&5
configure:12740: $? = 0
configure:12922: checking for g++ option to produce PIC
configure:13239: result: -fno-common -DPIC
configure:13248: checking if g++ PIC flag -fno-common -DPIC works
configure:13266: g++ -c -g -O2  -fno-common -DPIC -DPIC conftest.cpp >&5
configure:13270: $? = 0
configure:13283: result: yes
configure:13304: checking if g++ static flag -static works
configure:13332: result: no
configure:13344: checking if g++ supports -c -o file.o
configure:13365: g++ -c -g -O2  -o out/conftest2.o conftest.cpp >&5
configure:13369: $? = 0
configure:13391: result: yes
configure:13396: checking if g++ supports -c -o file.o
configure:13443: result: yes
configure:13473: checking whether the g++ linker (/Applications/Xcode.app/Contents/Developer/Toolchains/XcodeDefault.xctoolchain/usr/bin/ld) supports shared libraries
configure:13502: result: yes
configure:13639: checking dynamic linker characteristics
configure:14250: result: darwin13.3.0 dyld
configure:14301: checking how to hardcode library paths into programs
configure:14326: result: immediate
configure:14387: checking for help2man
configure:14415: result: no
configure:14428: checking MP4v2 platform portability
configure:14450: result: posix
configure:14573: checking if g++ supports -fvisibility
configure:14592: g++ -c -g -O2 -fvisibility=hidden  conftest.cpp >&5
configure:14592: $? = 0
configure:14604: result: yes
configure:14614: checking if GCC precompiled-headers should be created
configure:14648: result: yes
configure:14671: checking if LFS (large file support) is required
configure:14693: g++ -c -g -O2 -fvisibility=hidden  conftest.cpp >&5
conftest.cpp:26:5: error: unknown type name 'error'
    error: not LFS conformant
    ^
conftest.cpp:26:10: error: expected unqualified-id
    error: not LFS conformant
         ^
2 errors generated.
configure:14693: $? = 1
configure: failed program was:
| /* confdefs.h */
| #define PACKAGE_NAME "MP4v2"
| #define PACKAGE_TARNAME "mp4v2"
| #define PACKAGE_VERSION "-r0"
| #define PACKAGE_STRING "MP4v2 -r0"
| #define PACKAGE_BUGREPORT "kidjan@gmail.com"
| #define PACKAGE_URL ""
| #define PACKAGE "mp4v2"
| #define VERSION "-r0"
| #define STDC_HEADERS 1
| #define HAVE_SYS_TYPES_H 1
| #define HAVE_SYS_STAT_H 1
| #define HAVE_STDLIB_H 1
| #define HAVE_STRING_H 1
| #define HAVE_MEMORY_H 1
| #define HAVE_STRINGS_H 1
| #define HAVE_INTTYPES_H 1
| #define HAVE_STDINT_H 1
| #define HAVE_UNISTD_H 1
| #define HAVE_DLFCN_H 1
| #define LT_OBJDIR ".libs/"
| /* end confdefs.h.  */
| 
| #include <unistd.h>
| #ifndef _LFS_LARGEFILE
|     error: not LFS conformant
| #endif
| 
| int
| main ()
| {
| 
|   ;
|   return 0;
| }
configure:14701: result: no
configure:14717: checking arch flags
configure:14752: result: none
configure:15005: creating ./config.status

## ---------------- ##
## Cache variables. ##
## ---------------- ##

ac_cv_build=i386-apple-darwin13.3.0
ac_cv_c_compiler_gnu=yes
ac_cv_cxx_compiler_gnu=yes
ac_cv_env_CCC_set=
ac_cv_env_CCC_value=
ac_cv_env_CC_set=
ac_cv_env_CC_value=
ac_cv_env_CFLAGS_set=
ac_cv_env_CFLAGS_value=
ac_cv_env_CPPFLAGS_set=
ac_cv_env_CPPFLAGS_value=
ac_cv_env_CPP_set=
ac_cv_env_CPP_value=
ac_cv_env_CXXCPP_set=
ac_cv_env_CXXCPP_value=
ac_cv_env_CXXFLAGS_set=
ac_cv_env_CXXFLAGS_value=
ac_cv_env_CXX_set=
ac_cv_env_CXX_value=
ac_cv_env_LDFLAGS_set=
ac_cv_env_LDFLAGS_value=
ac_cv_env_LIBS_set=
ac_cv_env_LIBS_value=
ac_cv_env_build_alias_set=
ac_cv_env_build_alias_value=
ac_cv_env_host_alias_set=
ac_cv_env_host_alias_value=
ac_cv_env_target_alias_set=
ac_cv_env_target_alias_value=
ac_cv_header_dlfcn_h=yes
ac_cv_header_inttypes_h=yes
ac_cv_header_memory_h=yes
ac_cv_header_stdc=yes
ac_cv_header_stdint_h=yes
ac_cv_header_stdlib_h=yes
ac_cv_header_string_h=yes
ac_cv_header_strings_h=yes
ac_cv_header_sys_stat_h=yes
ac_cv_header_sys_types_h=yes
ac_cv_header_unistd_h=yes
ac_cv_host=i386-apple-darwin13.3.0
ac_cv_objext=o
ac_cv_path_EGREP='/usr/bin/grep -E'
ac_cv_path_FGREP='/usr/bin/grep -F'
ac_cv_path_GREP=/usr/bin/grep
ac_cv_path_SED=/usr/bin/sed
ac_cv_path_install='/usr/bin/install -c'
ac_cv_prog_AWK=awk
ac_cv_prog_CPP='gcc -E'
ac_cv_prog_CXXCPP='g++ -E'
ac_cv_prog_FOUND_HELP2MAN=no
ac_cv_prog_ac_ct_AR=ar
ac_cv_prog_ac_ct_CC=gcc
ac_cv_prog_ac_ct_CXX=g++
ac_cv_prog_ac_ct_DSYMUTIL=dsymutil
ac_cv_prog_ac_ct_LIPO=lipo
ac_cv_prog_ac_ct_NMEDIT=nmedit
ac_cv_prog_ac_ct_OTOOL=otool
ac_cv_prog_ac_ct_RANLIB=ranlib
ac_cv_prog_ac_ct_STRIP=strip
ac_cv_prog_cc_c89=
ac_cv_prog_cc_g=yes
ac_cv_prog_cxx_g=yes
ac_cv_prog_make_make_set=yes
am_cv_CC_dependencies_compiler_type=none
am_cv_CXX_dependencies_compiler_type=none
lt_cv_apple_cc_single_mod=yes
lt_cv_deplibs_check_method=pass_all
lt_cv_file_magic_cmd='$MAGIC_CMD'
lt_cv_file_magic_test_file=
lt_cv_ld_exported_symbols_list=yes
lt_cv_ld_reload_flag=-r
lt_cv_nm_interface='BSD nm'
lt_cv_objdir=.libs
lt_cv_path_LD=/Applications/Xcode.app/Contents/Developer/Toolchains/XcodeDefault.xctoolchain/usr/bin/ld
lt_cv_path_LDCXX=/Applications/Xcode.app/Contents/Developer/Toolchains/XcodeDefault.xctoolchain/usr/bin/ld
lt_cv_path_NM=/usr/bin/nm
lt_cv_prog_compiler_c_o=yes
lt_cv_prog_compiler_c_o_CXX=yes
lt_cv_prog_compiler_pic_works=yes
lt_cv_prog_compiler_pic_works_CXX=yes
lt_cv_prog_compiler_rtti_exceptions=yes
lt_cv_prog_compiler_static_works=no
lt_cv_prog_compiler_static_works_CXX=no
lt_cv_prog_gnu_ld=no
lt_cv_prog_gnu_ldcxx=no
lt_cv_sys_global_symbol_pipe='sed -n -e '\''s/^.*[	 ]\([BCDEGRST][BCDEGRST]*\)[	 ][	 ]*_\([_A-Za-z][_A-Za-z0-9]*\)$/\1 _\2 \2/p'\'''
lt_cv_sys_global_symbol_to_c_name_address='sed -n -e '\''s/^: \([^ ]*\) $/  {\"\1\", (void *) 0},/p'\'' -e '\''s/^[BCDEGRST]* \([^ ]*\) \([^ ]*\)$/  {"\2", (void *) \&\2},/p'\'''
lt_cv_sys_global_symbol_to_c_name_address_lib_prefix='sed -n -e '\''s/^: \([^ ]*\) $/  {\"\1\", (void *) 0},/p'\'' -e '\''s/^[BCDEGRST]* \([^ ]*\) \(lib[^ ]*\)$/  {"\2", (void *) \&\2},/p'\'' -e '\''s/^[BCDEGRST]* \([^ ]*\) \([^ ]*\)$/  {"lib\2", (void *) \&\2},/p'\'''
lt_cv_sys_global_symbol_to_cdecl='sed -n -e '\''s/^T .* \(.*\)$/extern int \1();/p'\'' -e '\''s/^[BCDEGRST]* .* \(.*\)$/extern char \1;/p'\'''
lt_cv_sys_max_cmd_len=196608
x_cv_fvisibility=yes
x_cv_largefile=no

## ----------------- ##
## Output variables. ##
## ----------------- ##

ACLOCAL='${SHELL} /Volumes/purple/Documents/git/FindEm-Media-Finder/extras/mp4v2-2.0.0/autoaux/missing --run aclocal-1.11'
ADD_MANS_FALSE='#'
ADD_MANS_TRUE=''
ADD_PLATFORM_POSIX_FALSE='#'
ADD_PLATFORM_POSIX_TRUE=''
ADD_PLATFORM_WIN32_FALSE=''
ADD_PLATFORM_WIN32_TRUE='#'
ADD_UTIL_FALSE='#'
ADD_UTIL_TRUE=''
AMDEPBACKSLASH=''
AMDEP_FALSE=''
AMDEP_TRUE='#'
AMTAR='${SHELL} /Volumes/purple/Documents/git/FindEm-Media-Finder/extras/mp4v2-2.0.0/autoaux/missing --run tar'
AR='ar'
AUTOCONF='${SHELL} /Volumes/purple/Documents/git/FindEm-Media-Finder/extras/mp4v2-2.0.0/autoaux/missing --run autoconf'
AUTOHEADER='${SHELL} /Volumes/purple/Documents/git/FindEm-Media-Finder/extras/mp4v2-2.0.0/autoaux/missing --run autoheader'
AUTOMAKE='${SHELL} /Volumes/purple/Documents/git/FindEm-Media-Finder/extras/mp4v2-2.0.0/autoaux/missing --run automake-1.11'
AWK='awk'
CC='gcc'
CCDEPMODE='depmode=none'
CFLAGS='-g -O2'
CPP='gcc -E'
CPPFLAGS=''
CXX='g++'
CXXCPP='g++ -E'
CXXDEPMODE='depmode=none'
CXXFLAGS='-g -O2 -fvisibility=hidden'
CYGPATH_W='echo'
DEFS='-DHAVE_CONFIG_H'
DEPDIR='.deps'
DSYMUTIL='dsymutil'
DUMPBIN=''
ECHO_C='\c'
ECHO_N=''
ECHO_T=''
EGREP='/usr/bin/grep -E'
EXEEXT=''
FGREP='/usr/bin/grep -F'
FOUND_HELP2MAN='no'
GREP='/usr/bin/grep'
INSTALL_DATA='${INSTALL} -m 644'
INSTALL_PROGRAM='${INSTALL}'
INSTALL_SCRIPT='${INSTALL}'
INSTALL_STRIP_PROGRAM='$(install_sh) -c -s'
LD='/Applications/Xcode.app/Contents/Developer/Toolchains/XcodeDefault.xctoolchain/usr/bin/ld'
LDFLAGS=''
LIBOBJS=''
LIBS=''
LIBTOOL='$(SHELL) $(top_builddir)/libtool'
LIPO='lipo'
LN_S='ln -s'
LTLIBOBJS=''
MAKEINFO='${SHELL} /Volumes/purple/Documents/git/FindEm-Media-Finder/extras/mp4v2-2.0.0/autoaux/missing --run makeinfo'
MKDIR_P='autoaux/install-sh -c -d'
NM='/usr/bin/nm'
NMEDIT='nmedit'
OBJDUMP='false'
OBJEXT='o'
OTOOL64=':'
OTOOL='otool'
PACKAGE='mp4v2'
PACKAGE_BUGREPORT='kidjan@gmail.com'
PACKAGE_NAME='MP4v2'
PACKAGE_STRING='MP4v2 -r0'
PACKAGE_TARNAME='mp4v2'
PACKAGE_URL=''
PACKAGE_VERSION='-r0'
PATH_SEPARATOR=':'
PROJECT_bugreport='<kidjan@gmail.com>'
PROJECT_build='Sat Aug 16 00:03:41 MDT 2014'
PROJECT_irc='irc://irc.freenode.net/handbrake'
PROJECT_name='MP4v2'
PROJECT_name_formal='MP4v2 -r0'
PROJECT_name_lower='mp4v2'
PROJECT_name_upper='MP4V2'
PROJECT_repo_branch='unknown'
PROJECT_repo_date='unknown'
PROJECT_repo_rev='0'
PROJECT_repo_root='svn://nowhere.com/project'
PROJECT_repo_type='developer'
PROJECT_repo_url='svn://nowhere.com/project/unknown'
PROJECT_repo_uuid='00000000-0000-0000-0000-000000000000'
PROJECT_url_discussion='http://groups.google.com/group/mp4v2'
PROJECT_url_downloads='http://code.google.com/p/mp4v2/downloads/list'
PROJECT_url_website='http://code.google.com/p/mp4v2'
PROJECT_version='-r0'
PROJECT_version_hex='0x00020000'
PROJECT_version_major='2'
PROJECT_version_minor='0'
PROJECT_version_point='0'
RANLIB='ranlib'
SED='/usr/bin/sed'
SET_MAKE=''
SHELL='/bin/sh'
STRIP='strip'
VERSION='-r0'
X_CXX_ARCH=''
X_CXX_D=''
X_CXX_I=''
X_CXX_W=''
X_GCH='1'
X_GCH_FLAGS=''
X_GCH_SHARED='1'
X_GCH_SHARED_FLAGS=' -fno-common -DPIC'
X_GCH_STATIC='1'
X_GCH_STATIC_FLAGS=''
X_MINGW_LIBS=''
X_libmp4v2_la_LDFLAGS='-Wl,-current_version,$(PROJECT_version_major).$(PROJECT_version_minor).$(PROJECT_version_point) -Wl,-compatibility_version,$(PROJECT_version_major).0.0'
ac_ct_CC='gcc'
ac_ct_CXX='g++'
ac_ct_DUMPBIN=''
am__EXEEXT_FALSE=''
am__EXEEXT_TRUE='#'
am__fastdepCC_FALSE=''
am__fastdepCC_TRUE='#'
am__fastdepCXX_FALSE=''
am__fastdepCXX_TRUE='#'
am__include='include'
am__isrc=''
am__leading_dot='.'
am__quote=''
am__tar='${AMTAR} chof - "$$tardir"'
am__untar='${AMTAR} xf -'
bindir='${exec_prefix}/bin'
build='i386-apple-darwin13.3.0'
build_alias=''
build_cpu='i386'
build_os='darwin13.3.0'
build_vendor='apple'
datadir='${datarootdir}'
datarootdir='${prefix}/share'
docdir='${datarootdir}/doc/${PACKAGE_TARNAME}'
dvidir='${docdir}'
exec_prefix='${prefix}'
host='i386-apple-darwin13.3.0'
host_alias=''
host_cpu='i386'
host_os='darwin13.3.0'
host_vendor='apple'
htmldir='${docdir}'
includedir='${prefix}/include'
infodir='${datarootdir}/info'
install_sh='${SHELL} /Volumes/purple/Documents/git/FindEm-Media-Finder/extras/mp4v2-2.0.0/autoaux/install-sh'
libdir='${exec_prefix}/lib'
libexecdir='${exec_prefix}/libexec'
localedir='${datarootdir}/locale'
localstatedir='${prefix}/var'
lt_ECHO='/bin/echo'
mandir='${datarootdir}/man'
mkdir_p='$(top_builddir)/autoaux/install-sh -c -d'
oldincludedir='/usr/include'
pdfdir='${docdir}'
prefix='/usr/local'
program_transform_name='s,x,x,'
psdir='${docdir}'
sbindir='${exec_prefix}/sbin'
sharedstatedir='${prefix}/com'
sysconfdir='${prefix}/etc'
target_alias=''

## ----------- ##
## confdefs.h. ##
## ----------- ##

/* confdefs.h */
#define PACKAGE_NAME "MP4v2"
#define PACKAGE_TARNAME "mp4v2"
#define PACKAGE_VERSION "-r0"
#define PACKAGE_STRING "MP4v2 -r0"
#define PACKAGE_BUGREPORT "kidjan@gmail.com"
#define PACKAGE_URL ""
#define PACKAGE "mp4v2"
#define VERSION "-r0"
#define STDC_HEADERS 1
#define HAVE_SYS_TYPES_H 1
#define HAVE_SYS_STAT_H 1
#define HAVE_STDLIB_H 1
#define HAVE_STRING_H 1
#define HAVE_MEMORY_H 1
#define HAVE_STRINGS_H 1
#define HAVE_INTTYPES_H 1
#define HAVE_STDINT_H 1
#define HAVE_UNISTD_H 1
#define HAVE_DLFCN_H 1
#define LT_OBJDIR ".libs/"

configure: exit 0

## ---------------------- ##
## Running config.status. ##
## ---------------------- ##

This file was extended by MP4v2 config.status -r0, which was
generated by GNU Autoconf 2.69.  Invocation command line was

  CONFIG_FILES    = 
  CONFIG_HEADERS  = 
  CONFIG_LINKS    = 
  CONFIG_COMMANDS = 
  $ ./config.status 

on tiny-mac.local

config.status:1164: creating GNUmakefile
config.status:1164: creating include/mp4v2/project.h
config.status:1164: creating project/project.m4
config.status:1164: creating libplatform/config.h
config.status:1393: executing depfiles commands
config.status:1393: executing libtool commands
